2021-05-20 10:11:18,708:INFO:PyCaret Supervised Module
2021-05-20 10:11:18,710:INFO:ML Usecase: regression
2021-05-20 10:11:18,711:INFO:version 2.3.1
2021-05-20 10:11:18,711:INFO:Initializing setup()
2021-05-20 10:11:18,711:INFO:setup(target=charges, ml_usecase=regression, available_plots={'parameter': 'Hyperparameters', 'residuals': 'Residuals', 'error': 'Prediction Error', 'cooks': 'Cooks Distance', 'rfe': 'Feature Selection', 'learning': 'Learning Curve', 'manifold': 'Manifold Learning', 'vc': 'Validation Curve', 'feature': 'Feature Importance', 'feature_all': 'Feature Importance (All)', 'tree': 'Decision Tree', 'residuals_interactive': 'Interactive Residuals'}, train_size=0.7, test_data=None, preprocess=True, imputation_type=simple, iterative_imputation_iters=5, categorical_features=None, categorical_imputation=constant, categorical_iterative_imputer=lightgbm, ordinal_features=None, high_cardinality_features=None, high_cardinality_method=frequency, numeric_features=None, numeric_imputation=mean, numeric_iterative_imputer=lightgbm, date_features=None, ignore_features=None, normalize=False, normalize_method=zscore, transformation=False, transformation_method=yeo-johnson, handle_unknown_categorical=True, unknown_categorical_method=least_frequent, pca=False, pca_method=linear, pca_components=None, ignore_low_variance=False, combine_rare_levels=False, rare_level_threshold=0.1, bin_numeric_features=None, remove_outliers=False, outliers_threshold=0.05, remove_multicollinearity=False, multicollinearity_threshold=0.9, remove_perfect_collinearity=True, create_clusters=False, cluster_iter=20, polynomial_features=False, polynomial_degree=2, trigonometry_features=False, polynomial_threshold=0.1, group_features=None, group_names=None, feature_selection=False, feature_selection_threshold=0.8, feature_selection_method=classic, feature_interaction=False, feature_ratio=False, interaction_threshold=0.01, fix_imbalance=False, fix_imbalance_method=None, transform_target=False, transform_target_method=box-cox, data_split_shuffle=True, data_split_stratify=False, fold_strategy=kfold, fold=10, fold_shuffle=False, fold_groups=None, n_jobs=-1, use_gpu=False, custom_pipeline=None, html=True, session_id=123, log_experiment=False, experiment_name=None, log_plots=False, log_profile=False, log_data=False, silent=False, verbose=True, profile=False, profile_kwargs=None, display=None)
2021-05-20 10:11:18,711:INFO:Checking environment
2021-05-20 10:11:18,712:INFO:python_version: 3.7.10
2021-05-20 10:11:18,712:INFO:python_build: ('default', 'Feb 26 2021 18:47:35')
2021-05-20 10:11:18,713:INFO:machine: x86_64
2021-05-20 10:11:18,719:INFO:platform: Linux-5.4.72-microsoft-standard-WSL2-x86_64-with-debian-bullseye-sid
2021-05-20 10:11:18,719:INFO:Memory: svmem(total=26733387776, available=21931847680, percent=18.0, used=3973713920, free=20273963008, active=4755902464, inactive=1238458368, buffers=427352064, cached=2058358784, shared=435372032, slab=330985472)
2021-05-20 10:11:18,728:INFO:Physical Core: 4
2021-05-20 10:11:18,728:INFO:Logical Core: 8
2021-05-20 10:11:18,728:INFO:Checking libraries
2021-05-20 10:11:18,728:INFO:pd==1.2.4
2021-05-20 10:11:18,728:INFO:numpy==1.18.1
2021-05-20 10:11:18,728:INFO:sklearn==0.23.2
2021-05-20 10:11:18,729:INFO:lightgbm==3.2.1
2021-05-20 10:11:18,729:WARNING:catboost not found
2021-05-20 10:11:19,086:INFO:xgboost==1.4.1
2021-05-20 10:11:19,812:INFO:mlflow==1.16.0
2021-05-20 10:11:19,813:INFO:Checking Exceptions
2021-05-20 10:11:19,813:INFO:Declaring global variables
2021-05-20 10:11:19,813:INFO:USI: e39e
2021-05-20 10:11:19,813:INFO:pycaret_globals: {'html_param', 'y', 'create_model_container', '_all_models', 'pycaret_globals', '_all_models_internal', 'logging_param', 'X_train', 'fold_groups_param', 'seed', 'log_plots_param', '_gpu_n_jobs_param', '_ml_usecase', '_all_metrics', 'imputation_classifier', '_internal_pipeline', 'iterative_imputation_iters_param', 'transform_target_param', 'experiment__', 'fold_shuffle_param', 'display_container', 'n_jobs_param', 'prep_pipe', 'exp_name_log', 'X', 'master_model_container', 'fold_groups_param_full', '_available_plots', 'target_param', 'imputation_regressor', 'y_test', 'fold_generator', 'fix_imbalance_method_param', 'data_before_preprocess', 'X_test', 'gpu_param', 'stratify_param', 'transform_target_method_param', 'fold_param', 'y_train', 'fix_imbalance_param', 'USI'}
2021-05-20 10:11:19,813:INFO:Preparing display monitor
2021-05-20 10:11:19,813:INFO:Preparing display monitor
2021-05-20 10:11:19,845:INFO:Importing libraries
2021-05-20 10:11:19,846:INFO:Copying data for preprocessing
2021-05-20 10:11:19,863:INFO:Declaring preprocessing parameters
2021-05-20 10:11:19,865:INFO:Creating preprocessing pipeline
2021-05-20 10:11:19,878:INFO:Preprocessing pipeline created successfully
2021-05-20 10:11:19,879:ERROR:(Process Exit): setup has been interupted with user command 'quit'. setup must rerun.
2021-05-20 10:11:19,879:INFO:Creating global containers
2021-05-20 10:11:19,881:INFO:Internal pipeline: Pipeline(memory=None, steps=[('empty_step', 'passthrough')], verbose=False)
2021-05-20 10:11:24,334:WARNING:Couldn't import catboost.CatBoostRegressor
2021-05-20 10:11:24,602:WARNING:Couldn't import catboost.CatBoostRegressor
2021-05-20 10:11:24,603:INFO:Creating grid variables
2021-05-20 10:11:24,676:INFO:create_model_container: 0
2021-05-20 10:11:24,676:INFO:master_model_container: 0
2021-05-20 10:11:24,676:INFO:display_container: 1
2021-05-20 10:11:24,690:INFO:Pipeline(memory=None,
         steps=[('dtypes',
                 DataTypes_Auto_infer(categorical_features=[],
                                      display_types=True, features_todrop=[],
                                      id_columns=[], ml_usecase='regression',
                                      numerical_features=[], target='charges',
                                      time_features=[])),
                ('imputer',
                 Simple_Imputer(categorical_strategy='not_available',
                                fill_value_categorical=None,
                                fill_value_numerical=None,
                                numeric_strategy...
                ('scaling', 'passthrough'), ('P_transform', 'passthrough'),
                ('binn', 'passthrough'), ('rem_outliers', 'passthrough'),
                ('cluster_all', 'passthrough'),
                ('dummy', Dummify(target='charges')),
                ('fix_perfect', Remove_100(target='charges')),
                ('clean_names', Clean_Colum_Names()),
                ('feature_select', 'passthrough'), ('fix_multi', 'passthrough'),
                ('dfs', 'passthrough'), ('pca', 'passthrough')],
         verbose=False)
2021-05-20 10:11:24,691:INFO:setup() succesfully completed......................................
2021-05-20 10:11:25,055:INFO:Initializing create_model()
2021-05-20 10:11:25,055:INFO:create_model(estimator=lr, fold=None, round=4, cross_validation=True, predict=True, fit_kwargs=None, groups=None, refit=True, verbose=True, system=True, metrics=None, display=None, kwargs={})
2021-05-20 10:11:25,056:INFO:Checking exceptions
2021-05-20 10:11:25,057:INFO:Preparing display monitor
2021-05-20 10:11:25,096:INFO:Importing libraries
2021-05-20 10:11:25,098:INFO:Copying training dataset
2021-05-20 10:11:25,099:INFO:Defining folds
2021-05-20 10:11:25,100:INFO:Declaring metric variables
2021-05-20 10:11:25,122:INFO:Importing untrained model
2021-05-20 10:11:25,143:INFO:Linear Regression Imported succesfully
2021-05-20 10:11:25,175:INFO:Starting cross validation
2021-05-20 10:11:25,192:INFO:Cross validating with KFold(n_splits=10, random_state=None, shuffle=False), n_jobs=-1
2021-05-20 10:11:30,538:INFO:Calculating mean and std
2021-05-20 10:11:30,540:INFO:Creating metrics dataframe
2021-05-20 10:11:30,578:INFO:Finalizing model
2021-05-20 10:11:30,613:INFO:Uploading results into container
2021-05-20 10:11:30,613:INFO:Uploading model into container now
2021-05-20 10:11:30,673:INFO:create_model_container: 1
2021-05-20 10:11:30,674:INFO:master_model_container: 1
2021-05-20 10:11:30,675:INFO:display_container: 2
2021-05-20 10:11:30,675:INFO:LinearRegression(copy_X=True, fit_intercept=True, n_jobs=-1, normalize=False)
2021-05-20 10:11:30,675:INFO:create_model() succesfully completed......................................
2021-05-20 10:11:31,154:INFO:Initializing plot_model()
2021-05-20 10:11:31,154:INFO:plot_model(plot=residuals, fold=None, use_train_data=False, verbose=True, is_in_evaluate=False, display=None, display_format=None, estimator=LinearRegression(copy_X=True, fit_intercept=True, n_jobs=-1, normalize=False), feature_name=None, fit_kwargs=None, groups=None, label=False, save=False, scale=1, system=True)
2021-05-20 10:11:31,154:INFO:Checking exceptions
2021-05-20 10:11:31,154:INFO:Preparing display monitor
2021-05-20 10:11:31,186:INFO:Preloading libraries
2021-05-20 10:11:31,189:INFO:Copying training dataset
2021-05-20 10:11:31,190:INFO:Copying test dataset
2021-05-20 10:11:31,191:INFO:Plot type: residuals
2021-05-20 10:11:31,440:INFO:Fitting Model
2021-05-20 10:11:31,592:INFO:Scoring test/hold-out set
2021-05-20 10:11:32,819:INFO:Visual Rendered Successfully
2021-05-20 10:11:32,921:INFO:plot_model() succesfully completed......................................
2021-05-20 10:11:33,154:INFO:PyCaret Supervised Module
2021-05-20 10:11:33,155:INFO:ML Usecase: regression
2021-05-20 10:11:33,155:INFO:version 2.3.1
2021-05-20 10:11:33,155:INFO:Initializing setup()
2021-05-20 10:11:33,155:INFO:setup(target=charges, ml_usecase=regression, available_plots={'parameter': 'Hyperparameters', 'residuals': 'Residuals', 'error': 'Prediction Error', 'cooks': 'Cooks Distance', 'rfe': 'Feature Selection', 'learning': 'Learning Curve', 'manifold': 'Manifold Learning', 'vc': 'Validation Curve', 'feature': 'Feature Importance', 'feature_all': 'Feature Importance (All)', 'tree': 'Decision Tree', 'residuals_interactive': 'Interactive Residuals'}, train_size=0.7, test_data=None, preprocess=True, imputation_type=simple, iterative_imputation_iters=5, categorical_features=None, categorical_imputation=constant, categorical_iterative_imputer=lightgbm, ordinal_features=None, high_cardinality_features=None, high_cardinality_method=frequency, numeric_features=None, numeric_imputation=mean, numeric_iterative_imputer=lightgbm, date_features=None, ignore_features=None, normalize=True, normalize_method=zscore, transformation=False, transformation_method=yeo-johnson, handle_unknown_categorical=True, unknown_categorical_method=least_frequent, pca=False, pca_method=linear, pca_components=None, ignore_low_variance=False, combine_rare_levels=False, rare_level_threshold=0.1, bin_numeric_features=['age', 'bmi'], remove_outliers=False, outliers_threshold=0.05, remove_multicollinearity=False, multicollinearity_threshold=0.9, remove_perfect_collinearity=True, create_clusters=False, cluster_iter=20, polynomial_features=True, polynomial_degree=2, trigonometry_features=True, polynomial_threshold=0.1, group_features=None, group_names=None, feature_selection=False, feature_selection_threshold=0.8, feature_selection_method=classic, feature_interaction=True, feature_ratio=False, interaction_threshold=0.01, fix_imbalance=False, fix_imbalance_method=None, transform_target=False, transform_target_method=box-cox, data_split_shuffle=True, data_split_stratify=False, fold_strategy=kfold, fold=10, fold_shuffle=False, fold_groups=None, n_jobs=-1, use_gpu=False, custom_pipeline=None, html=True, session_id=123, log_experiment=False, experiment_name=None, log_plots=False, log_profile=False, log_data=False, silent=False, verbose=True, profile=False, profile_kwargs=None, display=None)
2021-05-20 10:11:33,155:INFO:Checking environment
2021-05-20 10:11:33,156:INFO:python_version: 3.7.10
2021-05-20 10:11:33,156:INFO:python_build: ('default', 'Feb 26 2021 18:47:35')
2021-05-20 10:11:33,156:INFO:machine: x86_64
2021-05-20 10:11:33,156:INFO:platform: Linux-5.4.72-microsoft-standard-WSL2-x86_64-with-debian-bullseye-sid
2021-05-20 10:11:33,157:INFO:Memory: svmem(total=26733387776, available=20862828544, percent=22.0, used=5045972992, free=19178782720, active=5837344768, inactive=1237827584, buffers=427909120, cached=2080722944, shared=435425280, slab=336408576)
2021-05-20 10:11:33,159:INFO:Physical Core: 4
2021-05-20 10:11:33,159:INFO:Logical Core: 8
2021-05-20 10:11:33,159:INFO:Checking libraries
2021-05-20 10:11:33,159:INFO:pd==1.2.4
2021-05-20 10:11:33,159:INFO:numpy==1.18.1
2021-05-20 10:11:33,159:INFO:sklearn==0.23.2
2021-05-20 10:11:33,159:INFO:lightgbm==3.2.1
2021-05-20 10:11:33,160:WARNING:catboost not found
2021-05-20 10:11:33,160:INFO:xgboost==1.4.1
2021-05-20 10:11:33,160:INFO:mlflow==1.16.0
2021-05-20 10:11:33,161:INFO:Checking Exceptions
2021-05-20 10:11:33,161:INFO:Declaring global variables
2021-05-20 10:11:33,161:INFO:USI: 174e
2021-05-20 10:11:33,161:INFO:pycaret_globals: {'html_param', 'y', 'create_model_container', '_all_models', 'pycaret_globals', '_all_models_internal', 'logging_param', 'X_train', 'fold_groups_param', 'seed', 'log_plots_param', '_gpu_n_jobs_param', '_ml_usecase', '_all_metrics', 'imputation_classifier', '_internal_pipeline', 'iterative_imputation_iters_param', 'transform_target_param', 'experiment__', 'fold_shuffle_param', 'display_container', 'n_jobs_param', 'prep_pipe', 'exp_name_log', 'X', 'master_model_container', 'fold_groups_param_full', '_available_plots', 'target_param', 'imputation_regressor', 'y_test', 'fold_generator', 'fix_imbalance_method_param', 'data_before_preprocess', 'X_test', 'gpu_param', 'stratify_param', 'transform_target_method_param', 'fold_param', 'y_train', 'fix_imbalance_param', 'USI'}
2021-05-20 10:11:33,161:INFO:Preparing display monitor
2021-05-20 10:11:33,162:INFO:Preparing display monitor
2021-05-20 10:11:33,190:INFO:Importing libraries
2021-05-20 10:11:33,192:INFO:Copying data for preprocessing
2021-05-20 10:11:33,218:INFO:Declaring preprocessing parameters
2021-05-20 10:11:33,221:INFO:Creating preprocessing pipeline
2021-05-20 10:11:33,239:INFO:Preprocessing pipeline created successfully
2021-05-20 10:11:33,239:ERROR:(Process Exit): setup has been interupted with user command 'quit'. setup must rerun.
2021-05-20 10:11:33,240:INFO:Creating global containers
2021-05-20 10:11:33,241:INFO:Internal pipeline: Pipeline(memory=None, steps=[('empty_step', 'passthrough')], verbose=False)
2021-05-20 10:11:52,050:WARNING:Couldn't import catboost.CatBoostRegressor
2021-05-20 10:11:52,200:WARNING:Couldn't import catboost.CatBoostRegressor
2021-05-20 10:11:52,201:INFO:Creating grid variables
2021-05-20 10:11:52,238:INFO:create_model_container: 0
2021-05-20 10:11:52,238:INFO:master_model_container: 0
2021-05-20 10:11:52,238:INFO:display_container: 1
2021-05-20 10:11:52,253:INFO:Pipeline(memory=None,
         steps=[('dtypes',
                 DataTypes_Auto_infer(categorical_features=[],
                                      display_types=True, features_todrop=[],
                                      id_columns=[], ml_usecase='regression',
                                      numerical_features=[], target='charges',
                                      time_features=[])),
                ('imputer',
                 Simple_Imputer(categorical_strategy='not_available',
                                fill_value_categorical=None,
                                fill_value_numerical=None,
                                numeric_strategy...
                ('dummy', Dummify(target='charges')),
                ('fix_perfect', Remove_100(target='charges')),
                ('clean_names', Clean_Colum_Names()),
                ('feature_select', 'passthrough'), ('fix_multi', 'passthrough'),
                ('dfs',
                 DFS_Classic(interactions=['multiply'], ml_usecase='regression',
                             n_jobs=-1, random_state=123, subclass='binary',
                             target='charges',
                             top_features_to_pick_percentage=None)),
                ('pca', 'passthrough')],
         verbose=False)
2021-05-20 10:11:52,253:INFO:setup() succesfully completed......................................
2021-05-20 10:14:22,324:INFO:Initializing create_model()
2021-05-20 10:14:22,326:INFO:create_model(estimator=lr, fold=None, round=4, cross_validation=True, predict=True, fit_kwargs=None, groups=None, refit=True, verbose=True, system=True, metrics=None, display=None, kwargs={})
2021-05-20 10:14:22,326:INFO:Checking exceptions
2021-05-20 10:14:22,327:INFO:Preparing display monitor
2021-05-20 10:14:22,359:INFO:Importing libraries
2021-05-20 10:14:22,359:INFO:Copying training dataset
2021-05-20 10:14:22,362:INFO:Defining folds
2021-05-20 10:14:22,362:INFO:Declaring metric variables
2021-05-20 10:14:22,383:INFO:Importing untrained model
2021-05-20 10:14:22,406:INFO:Linear Regression Imported succesfully
2021-05-20 10:14:22,453:INFO:Starting cross validation
2021-05-20 10:14:22,456:INFO:Cross validating with KFold(n_splits=10, random_state=None, shuffle=False), n_jobs=-1
2021-05-20 10:14:22,613:INFO:Calculating mean and std
2021-05-20 10:14:22,615:INFO:Creating metrics dataframe
2021-05-20 10:14:22,638:INFO:Finalizing model
2021-05-20 10:14:23,237:INFO:Uploading results into container
2021-05-20 10:14:23,238:INFO:Uploading model into container now
2021-05-20 10:14:23,338:INFO:create_model_container: 1
2021-05-20 10:14:23,338:INFO:master_model_container: 1
2021-05-20 10:14:23,340:INFO:display_container: 2
2021-05-20 10:14:23,340:INFO:LinearRegression(copy_X=True, fit_intercept=True, n_jobs=-1, normalize=False)
2021-05-20 10:14:23,341:INFO:create_model() succesfully completed......................................
2021-05-20 10:14:26,251:INFO:Initializing plot_model()
2021-05-20 10:14:26,251:INFO:plot_model(plot=residuals, fold=None, use_train_data=False, verbose=True, is_in_evaluate=False, display=None, display_format=None, estimator=LinearRegression(copy_X=True, fit_intercept=True, n_jobs=-1, normalize=False), feature_name=None, fit_kwargs=None, groups=None, label=False, save=False, scale=1, system=True)
2021-05-20 10:14:26,252:INFO:Checking exceptions
2021-05-20 10:14:26,252:INFO:Preparing display monitor
2021-05-20 10:14:26,265:INFO:Preloading libraries
2021-05-20 10:14:26,267:INFO:Copying training dataset
2021-05-20 10:14:26,268:INFO:Copying test dataset
2021-05-20 10:14:26,268:INFO:Plot type: residuals
2021-05-20 10:14:26,333:INFO:Fitting Model
2021-05-20 10:14:26,480:INFO:Scoring test/hold-out set
2021-05-20 10:14:27,257:INFO:Visual Rendered Successfully
2021-05-20 10:14:27,378:INFO:plot_model() succesfully completed......................................
2021-05-20 10:14:29,370:INFO:Initializing save_model()
2021-05-20 10:14:29,370:INFO:save_model(model=LinearRegression(copy_X=True, fit_intercept=True, n_jobs=-1, normalize=False), model_name=deployment_28042020, prep_pipe_=Pipeline(memory=None,
         steps=[('dtypes',
                 DataTypes_Auto_infer(categorical_features=[],
                                      display_types=True, features_todrop=[],
                                      id_columns=[], ml_usecase='regression',
                                      numerical_features=[], target='charges',
                                      time_features=[])),
                ('imputer',
                 Simple_Imputer(categorical_strategy='not_available',
                                fill_value_categorical=None,
                                fill_value_numerical=None,
                                numeric_strategy...
                ('dummy', Dummify(target='charges')),
                ('fix_perfect', Remove_100(target='charges')),
                ('clean_names', Clean_Colum_Names()),
                ('feature_select', 'passthrough'), ('fix_multi', 'passthrough'),
                ('dfs',
                 DFS_Classic(interactions=['multiply'], ml_usecase='regression',
                             n_jobs=-1, random_state=123, subclass='binary',
                             target='charges',
                             top_features_to_pick_percentage=None)),
                ('pca', 'passthrough')],
         verbose=False), verbose=True, kwargs={})
2021-05-20 10:14:29,370:INFO:Adding model into prep_pipe
2021-05-20 10:14:29,410:INFO:deployment_28042020.pkl saved in current working directory
2021-05-20 10:14:29,431:INFO:Pipeline(memory=None,
         steps=[('dtypes',
                 DataTypes_Auto_infer(categorical_features=[],
                                      display_types=True, features_todrop=[],
                                      id_columns=[], ml_usecase='regression',
                                      numerical_features=[], target='charges',
                                      time_features=[])),
                ('imputer',
                 Simple_Imputer(categorical_strategy='not_available',
                                fill_value_categorical=None,
                                fill_value_numerical=None,
                                numeric_strategy...
                ('feature_select', 'passthrough'), ('fix_multi', 'passthrough'),
                ('dfs',
                 DFS_Classic(interactions=['multiply'], ml_usecase='regression',
                             n_jobs=-1, random_state=123, subclass='binary',
                             target='charges',
                             top_features_to_pick_percentage=None)),
                ('pca', 'passthrough'),
                ['trained_model',
                 LinearRegression(copy_X=True, fit_intercept=True, n_jobs=-1,
                                  normalize=False)]],
         verbose=False)
2021-05-20 10:14:29,431:INFO:save_model() succesfully completed......................................
2021-05-20 10:14:32,331:INFO:Initializing load_model()
2021-05-20 10:14:32,332:INFO:load_model(model_name=deployment_28042020, platform=None, authentication=None, verbose=True)
2021-05-20 10:37:57,060:INFO:PyCaret Supervised Module
2021-05-20 10:37:57,061:INFO:ML Usecase: regression
2021-05-20 10:37:57,061:INFO:version 2.3.1
2021-05-20 10:37:57,061:INFO:Initializing setup()
2021-05-20 10:37:57,062:INFO:setup(target=charges, ml_usecase=regression, available_plots={'parameter': 'Hyperparameters', 'residuals': 'Residuals', 'error': 'Prediction Error', 'cooks': 'Cooks Distance', 'rfe': 'Feature Selection', 'learning': 'Learning Curve', 'manifold': 'Manifold Learning', 'vc': 'Validation Curve', 'feature': 'Feature Importance', 'feature_all': 'Feature Importance (All)', 'tree': 'Decision Tree', 'residuals_interactive': 'Interactive Residuals'}, train_size=0.7, test_data=None, preprocess=True, imputation_type=simple, iterative_imputation_iters=5, categorical_features=None, categorical_imputation=constant, categorical_iterative_imputer=lightgbm, ordinal_features=None, high_cardinality_features=None, high_cardinality_method=frequency, numeric_features=None, numeric_imputation=mean, numeric_iterative_imputer=lightgbm, date_features=None, ignore_features=None, normalize=False, normalize_method=zscore, transformation=False, transformation_method=yeo-johnson, handle_unknown_categorical=True, unknown_categorical_method=least_frequent, pca=False, pca_method=linear, pca_components=None, ignore_low_variance=False, combine_rare_levels=False, rare_level_threshold=0.1, bin_numeric_features=None, remove_outliers=False, outliers_threshold=0.05, remove_multicollinearity=False, multicollinearity_threshold=0.9, remove_perfect_collinearity=True, create_clusters=False, cluster_iter=20, polynomial_features=False, polynomial_degree=2, trigonometry_features=False, polynomial_threshold=0.1, group_features=None, group_names=None, feature_selection=False, feature_selection_threshold=0.8, feature_selection_method=classic, feature_interaction=False, feature_ratio=False, interaction_threshold=0.01, fix_imbalance=False, fix_imbalance_method=None, transform_target=False, transform_target_method=box-cox, data_split_shuffle=True, data_split_stratify=False, fold_strategy=kfold, fold=10, fold_shuffle=False, fold_groups=None, n_jobs=-1, use_gpu=False, custom_pipeline=None, html=True, session_id=123, log_experiment=False, experiment_name=None, log_plots=False, log_profile=False, log_data=False, silent=False, verbose=True, profile=False, profile_kwargs=None, display=None)
2021-05-20 10:37:57,062:INFO:Checking environment
2021-05-20 10:37:57,062:INFO:python_version: 3.7.10
2021-05-20 10:37:57,062:INFO:python_build: ('default', 'Feb 26 2021 18:47:35')
2021-05-20 10:37:57,062:INFO:machine: x86_64
2021-05-20 10:37:57,062:INFO:platform: Linux-5.4.72-microsoft-standard-WSL2-x86_64-with-debian-bullseye-sid
2021-05-20 10:37:57,063:INFO:Memory: svmem(total=26733387776, available=21671297024, percent=18.9, used=4237578240, free=19948044288, active=5098369024, inactive=1208860672, buffers=444743680, cached=2103021568, shared=435400704, slab=338247680)
2021-05-20 10:37:57,066:INFO:Physical Core: 4
2021-05-20 10:37:57,066:INFO:Logical Core: 8
2021-05-20 10:37:57,067:INFO:Checking libraries
2021-05-20 10:37:57,067:INFO:pd==1.2.4
2021-05-20 10:37:57,067:INFO:numpy==1.18.1
2021-05-20 10:37:57,067:INFO:sklearn==0.23.2
2021-05-20 10:37:57,067:INFO:lightgbm==3.2.1
2021-05-20 10:37:57,067:WARNING:catboost not found
2021-05-20 10:37:57,067:INFO:xgboost==1.4.1
2021-05-20 10:37:57,067:INFO:mlflow==1.16.0
2021-05-20 10:37:57,067:INFO:Checking Exceptions
2021-05-20 10:37:57,067:INFO:Declaring global variables
2021-05-20 10:37:57,067:INFO:USI: ff02
2021-05-20 10:37:57,067:INFO:pycaret_globals: {'html_param', 'y', 'create_model_container', '_all_models', 'pycaret_globals', '_all_models_internal', 'logging_param', 'X_train', 'fold_groups_param', 'seed', 'log_plots_param', '_gpu_n_jobs_param', '_ml_usecase', '_all_metrics', 'imputation_classifier', '_internal_pipeline', 'iterative_imputation_iters_param', 'transform_target_param', 'experiment__', 'fold_shuffle_param', 'display_container', 'n_jobs_param', 'prep_pipe', 'exp_name_log', 'X', 'master_model_container', 'fold_groups_param_full', '_available_plots', 'target_param', 'imputation_regressor', 'y_test', 'fold_generator', 'fix_imbalance_method_param', 'data_before_preprocess', 'X_test', 'gpu_param', 'stratify_param', 'transform_target_method_param', 'fold_param', 'y_train', 'fix_imbalance_param', 'USI'}
2021-05-20 10:37:57,068:INFO:Preparing display monitor
2021-05-20 10:37:57,068:INFO:Preparing display monitor
2021-05-20 10:37:57,085:INFO:Importing libraries
2021-05-20 10:37:57,086:INFO:Copying data for preprocessing
2021-05-20 10:37:57,102:INFO:Declaring preprocessing parameters
2021-05-20 10:37:57,104:INFO:Creating preprocessing pipeline
2021-05-20 10:37:57,118:INFO:Preprocessing pipeline created successfully
2021-05-20 10:37:57,119:ERROR:(Process Exit): setup has been interupted with user command 'quit'. setup must rerun.
2021-05-20 10:37:57,119:INFO:Creating global containers
2021-05-20 10:37:57,120:INFO:Internal pipeline: Pipeline(memory=None, steps=[('empty_step', 'passthrough')], verbose=False)
2021-05-20 10:38:03,336:WARNING:Couldn't import catboost.CatBoostRegressor
2021-05-20 10:38:03,525:WARNING:Couldn't import catboost.CatBoostRegressor
2021-05-20 10:38:03,526:INFO:Creating grid variables
2021-05-20 10:38:03,574:INFO:create_model_container: 0
2021-05-20 10:38:03,575:INFO:master_model_container: 0
2021-05-20 10:38:03,576:INFO:display_container: 1
2021-05-20 10:38:03,586:INFO:Pipeline(memory=None,
         steps=[('dtypes',
                 DataTypes_Auto_infer(categorical_features=[],
                                      display_types=True, features_todrop=[],
                                      id_columns=[], ml_usecase='regression',
                                      numerical_features=[], target='charges',
                                      time_features=[])),
                ('imputer',
                 Simple_Imputer(categorical_strategy='not_available',
                                fill_value_categorical=None,
                                fill_value_numerical=None,
                                numeric_strategy...
                ('scaling', 'passthrough'), ('P_transform', 'passthrough'),
                ('binn', 'passthrough'), ('rem_outliers', 'passthrough'),
                ('cluster_all', 'passthrough'),
                ('dummy', Dummify(target='charges')),
                ('fix_perfect', Remove_100(target='charges')),
                ('clean_names', Clean_Colum_Names()),
                ('feature_select', 'passthrough'), ('fix_multi', 'passthrough'),
                ('dfs', 'passthrough'), ('pca', 'passthrough')],
         verbose=False)
2021-05-20 10:38:03,586:INFO:setup() succesfully completed......................................
2021-05-20 10:38:03,839:INFO:Initializing create_model()
2021-05-20 10:38:03,839:INFO:create_model(estimator=lr, fold=None, round=4, cross_validation=True, predict=True, fit_kwargs=None, groups=None, refit=True, verbose=True, system=True, metrics=None, display=None, kwargs={})
2021-05-20 10:38:03,840:INFO:Checking exceptions
2021-05-20 10:38:03,841:INFO:Preparing display monitor
2021-05-20 10:38:03,888:INFO:Importing libraries
2021-05-20 10:38:03,889:INFO:Copying training dataset
2021-05-20 10:38:03,890:INFO:Defining folds
2021-05-20 10:38:03,891:INFO:Declaring metric variables
2021-05-20 10:38:03,919:INFO:Importing untrained model
2021-05-20 10:38:03,951:INFO:Linear Regression Imported succesfully
2021-05-20 10:38:04,013:INFO:Starting cross validation
2021-05-20 10:38:04,014:INFO:Cross validating with KFold(n_splits=10, random_state=None, shuffle=False), n_jobs=-1
2021-05-20 10:38:08,748:INFO:Calculating mean and std
2021-05-20 10:38:08,750:INFO:Creating metrics dataframe
2021-05-20 10:38:08,784:INFO:Finalizing model
2021-05-20 10:38:08,794:INFO:Uploading results into container
2021-05-20 10:38:08,794:INFO:Uploading model into container now
2021-05-20 10:38:08,903:INFO:create_model_container: 1
2021-05-20 10:38:08,903:INFO:master_model_container: 1
2021-05-20 10:38:08,905:INFO:display_container: 2
2021-05-20 10:38:08,906:INFO:LinearRegression(copy_X=True, fit_intercept=True, n_jobs=-1, normalize=False)
2021-05-20 10:38:08,906:INFO:create_model() succesfully completed......................................
2021-05-20 10:38:09,314:INFO:Initializing plot_model()
2021-05-20 10:38:09,315:INFO:plot_model(plot=residuals, fold=None, use_train_data=False, verbose=True, is_in_evaluate=False, display=None, display_format=None, estimator=LinearRegression(copy_X=True, fit_intercept=True, n_jobs=-1, normalize=False), feature_name=None, fit_kwargs=None, groups=None, label=False, save=False, scale=1, system=True)
2021-05-20 10:38:09,315:INFO:Checking exceptions
2021-05-20 10:38:09,316:INFO:Preparing display monitor
2021-05-20 10:38:09,334:INFO:Preloading libraries
2021-05-20 10:38:09,338:INFO:Copying training dataset
2021-05-20 10:38:09,339:INFO:Copying test dataset
2021-05-20 10:38:09,339:INFO:Plot type: residuals
2021-05-20 10:38:09,438:INFO:Fitting Model
2021-05-20 10:38:09,626:INFO:Scoring test/hold-out set
2021-05-20 10:38:10,645:INFO:Visual Rendered Successfully
2021-05-20 10:38:10,770:INFO:plot_model() succesfully completed......................................
2021-05-20 10:38:10,947:INFO:PyCaret Supervised Module
2021-05-20 10:38:10,949:INFO:ML Usecase: regression
2021-05-20 10:38:10,949:INFO:version 2.3.1
2021-05-20 10:38:10,949:INFO:Initializing setup()
2021-05-20 10:38:10,949:INFO:setup(target=charges, ml_usecase=regression, available_plots={'parameter': 'Hyperparameters', 'residuals': 'Residuals', 'error': 'Prediction Error', 'cooks': 'Cooks Distance', 'rfe': 'Feature Selection', 'learning': 'Learning Curve', 'manifold': 'Manifold Learning', 'vc': 'Validation Curve', 'feature': 'Feature Importance', 'feature_all': 'Feature Importance (All)', 'tree': 'Decision Tree', 'residuals_interactive': 'Interactive Residuals'}, train_size=0.7, test_data=None, preprocess=True, imputation_type=simple, iterative_imputation_iters=5, categorical_features=None, categorical_imputation=constant, categorical_iterative_imputer=lightgbm, ordinal_features=None, high_cardinality_features=None, high_cardinality_method=frequency, numeric_features=None, numeric_imputation=mean, numeric_iterative_imputer=lightgbm, date_features=None, ignore_features=None, normalize=True, normalize_method=zscore, transformation=False, transformation_method=yeo-johnson, handle_unknown_categorical=True, unknown_categorical_method=least_frequent, pca=False, pca_method=linear, pca_components=None, ignore_low_variance=False, combine_rare_levels=False, rare_level_threshold=0.1, bin_numeric_features=['age', 'bmi'], remove_outliers=False, outliers_threshold=0.05, remove_multicollinearity=False, multicollinearity_threshold=0.9, remove_perfect_collinearity=True, create_clusters=False, cluster_iter=20, polynomial_features=True, polynomial_degree=2, trigonometry_features=True, polynomial_threshold=0.1, group_features=None, group_names=None, feature_selection=False, feature_selection_threshold=0.8, feature_selection_method=classic, feature_interaction=True, feature_ratio=False, interaction_threshold=0.01, fix_imbalance=False, fix_imbalance_method=None, transform_target=False, transform_target_method=box-cox, data_split_shuffle=True, data_split_stratify=False, fold_strategy=kfold, fold=10, fold_shuffle=False, fold_groups=None, n_jobs=-1, use_gpu=False, custom_pipeline=None, html=True, session_id=123, log_experiment=False, experiment_name=None, log_plots=False, log_profile=False, log_data=False, silent=False, verbose=True, profile=False, profile_kwargs=None, display=None)
2021-05-20 10:38:10,949:INFO:Checking environment
2021-05-20 10:38:10,949:INFO:python_version: 3.7.10
2021-05-20 10:38:10,949:INFO:python_build: ('default', 'Feb 26 2021 18:47:35')
2021-05-20 10:38:10,949:INFO:machine: x86_64
2021-05-20 10:38:10,949:INFO:platform: Linux-5.4.72-microsoft-standard-WSL2-x86_64-with-debian-bullseye-sid
2021-05-20 10:38:10,949:INFO:Memory: svmem(total=26733387776, available=20713930752, percent=22.5, used=5194911744, free=18989912064, active=6044958720, inactive=1208979456, buffers=444874752, cached=2103689216, shared=435433472, slab=341229568)
2021-05-20 10:38:10,950:INFO:Physical Core: 4
2021-05-20 10:38:10,951:INFO:Logical Core: 8
2021-05-20 10:38:10,951:INFO:Checking libraries
2021-05-20 10:38:10,951:INFO:pd==1.2.4
2021-05-20 10:38:10,952:INFO:numpy==1.18.1
2021-05-20 10:38:10,952:INFO:sklearn==0.23.2
2021-05-20 10:38:10,952:INFO:lightgbm==3.2.1
2021-05-20 10:38:10,953:WARNING:catboost not found
2021-05-20 10:38:10,953:INFO:xgboost==1.4.1
2021-05-20 10:38:10,953:INFO:mlflow==1.16.0
2021-05-20 10:38:10,954:INFO:Checking Exceptions
2021-05-20 10:38:10,954:INFO:Declaring global variables
2021-05-20 10:38:10,954:INFO:USI: c5d5
2021-05-20 10:38:10,955:INFO:pycaret_globals: {'html_param', 'y', 'create_model_container', '_all_models', 'pycaret_globals', '_all_models_internal', 'logging_param', 'X_train', 'fold_groups_param', 'seed', 'log_plots_param', '_gpu_n_jobs_param', '_ml_usecase', '_all_metrics', 'imputation_classifier', '_internal_pipeline', 'iterative_imputation_iters_param', 'transform_target_param', 'experiment__', 'fold_shuffle_param', 'display_container', 'n_jobs_param', 'prep_pipe', 'exp_name_log', 'X', 'master_model_container', 'fold_groups_param_full', '_available_plots', 'target_param', 'imputation_regressor', 'y_test', 'fold_generator', 'fix_imbalance_method_param', 'data_before_preprocess', 'X_test', 'gpu_param', 'stratify_param', 'transform_target_method_param', 'fold_param', 'y_train', 'fix_imbalance_param', 'USI'}
2021-05-20 10:38:10,959:INFO:Preparing display monitor
2021-05-20 10:38:10,960:INFO:Preparing display monitor
2021-05-20 10:38:10,984:INFO:Importing libraries
2021-05-20 10:38:10,985:INFO:Copying data for preprocessing
2021-05-20 10:38:10,998:INFO:Declaring preprocessing parameters
2021-05-20 10:38:11,000:INFO:Creating preprocessing pipeline
2021-05-20 10:38:11,012:INFO:Preprocessing pipeline created successfully
2021-05-20 10:38:11,012:ERROR:(Process Exit): setup has been interupted with user command 'quit'. setup must rerun.
2021-05-20 10:38:11,012:INFO:Creating global containers
2021-05-20 10:38:11,013:INFO:Internal pipeline: Pipeline(memory=None, steps=[('empty_step', 'passthrough')], verbose=False)
2021-05-20 10:38:29,402:WARNING:Couldn't import catboost.CatBoostRegressor
2021-05-20 10:38:29,614:WARNING:Couldn't import catboost.CatBoostRegressor
2021-05-20 10:38:29,615:INFO:Creating grid variables
2021-05-20 10:38:29,654:INFO:create_model_container: 0
2021-05-20 10:38:29,654:INFO:master_model_container: 0
2021-05-20 10:38:29,654:INFO:display_container: 1
2021-05-20 10:38:29,669:INFO:Pipeline(memory=None,
         steps=[('dtypes',
                 DataTypes_Auto_infer(categorical_features=[],
                                      display_types=True, features_todrop=[],
                                      id_columns=[], ml_usecase='regression',
                                      numerical_features=[], target='charges',
                                      time_features=[])),
                ('imputer',
                 Simple_Imputer(categorical_strategy='not_available',
                                fill_value_categorical=None,
                                fill_value_numerical=None,
                                numeric_strategy...
                ('dummy', Dummify(target='charges')),
                ('fix_perfect', Remove_100(target='charges')),
                ('clean_names', Clean_Colum_Names()),
                ('feature_select', 'passthrough'), ('fix_multi', 'passthrough'),
                ('dfs',
                 DFS_Classic(interactions=['multiply'], ml_usecase='regression',
                             n_jobs=-1, random_state=123, subclass='binary',
                             target='charges',
                             top_features_to_pick_percentage=None)),
                ('pca', 'passthrough')],
         verbose=False)
2021-05-20 10:38:29,670:INFO:setup() succesfully completed......................................
2021-05-20 10:38:30,476:INFO:Initializing create_model()
2021-05-20 10:38:30,477:INFO:create_model(estimator=lr, fold=None, round=4, cross_validation=True, predict=True, fit_kwargs=None, groups=None, refit=True, verbose=True, system=True, metrics=None, display=None, kwargs={})
2021-05-20 10:38:30,478:INFO:Checking exceptions
2021-05-20 10:38:30,480:INFO:Preparing display monitor
2021-05-20 10:38:30,531:INFO:Importing libraries
2021-05-20 10:38:30,532:INFO:Copying training dataset
2021-05-20 10:38:30,533:INFO:Defining folds
2021-05-20 10:38:30,534:INFO:Declaring metric variables
2021-05-20 10:38:30,557:INFO:Importing untrained model
2021-05-20 10:38:30,576:INFO:Linear Regression Imported succesfully
2021-05-20 10:38:30,613:INFO:Starting cross validation
2021-05-20 10:38:30,614:INFO:Cross validating with KFold(n_splits=10, random_state=None, shuffle=False), n_jobs=-1
2021-05-20 10:38:30,764:INFO:Calculating mean and std
2021-05-20 10:38:30,767:INFO:Creating metrics dataframe
2021-05-20 10:38:30,799:INFO:Finalizing model
2021-05-20 10:38:30,903:INFO:Uploading results into container
2021-05-20 10:38:30,905:INFO:Uploading model into container now
2021-05-20 10:38:30,957:INFO:create_model_container: 1
2021-05-20 10:38:30,959:INFO:master_model_container: 1
2021-05-20 10:38:30,961:INFO:display_container: 2
2021-05-20 10:38:30,965:INFO:LinearRegression(copy_X=True, fit_intercept=True, n_jobs=-1, normalize=False)
2021-05-20 10:38:30,966:INFO:create_model() succesfully completed......................................
2021-05-20 10:38:32,350:INFO:Initializing plot_model()
2021-05-20 10:38:32,350:INFO:plot_model(plot=residuals, fold=None, use_train_data=False, verbose=True, is_in_evaluate=False, display=None, display_format=None, estimator=LinearRegression(copy_X=True, fit_intercept=True, n_jobs=-1, normalize=False), feature_name=None, fit_kwargs=None, groups=None, label=False, save=False, scale=1, system=True)
2021-05-20 10:38:32,351:INFO:Checking exceptions
2021-05-20 10:38:32,352:INFO:Preparing display monitor
2021-05-20 10:38:32,368:INFO:Preloading libraries
2021-05-20 10:38:32,370:INFO:Copying training dataset
2021-05-20 10:38:32,372:INFO:Copying test dataset
2021-05-20 10:38:32,372:INFO:Plot type: residuals
2021-05-20 10:38:32,472:INFO:Fitting Model
2021-05-20 10:38:32,579:INFO:Scoring test/hold-out set
2021-05-20 10:38:33,298:INFO:Visual Rendered Successfully
2021-05-20 10:38:33,433:INFO:plot_model() succesfully completed......................................
2021-05-20 10:38:33,649:INFO:Initializing save_model()
2021-05-20 10:38:33,649:INFO:save_model(model=LinearRegression(copy_X=True, fit_intercept=True, n_jobs=-1, normalize=False), model_name=deployment_28042020, prep_pipe_=Pipeline(memory=None,
         steps=[('dtypes',
                 DataTypes_Auto_infer(categorical_features=[],
                                      display_types=True, features_todrop=[],
                                      id_columns=[], ml_usecase='regression',
                                      numerical_features=[], target='charges',
                                      time_features=[])),
                ('imputer',
                 Simple_Imputer(categorical_strategy='not_available',
                                fill_value_categorical=None,
                                fill_value_numerical=None,
                                numeric_strategy...
                ('dummy', Dummify(target='charges')),
                ('fix_perfect', Remove_100(target='charges')),
                ('clean_names', Clean_Colum_Names()),
                ('feature_select', 'passthrough'), ('fix_multi', 'passthrough'),
                ('dfs',
                 DFS_Classic(interactions=['multiply'], ml_usecase='regression',
                             n_jobs=-1, random_state=123, subclass='binary',
                             target='charges',
                             top_features_to_pick_percentage=None)),
                ('pca', 'passthrough')],
         verbose=False), verbose=True, kwargs={})
2021-05-20 10:38:33,650:INFO:Adding model into prep_pipe
2021-05-20 10:38:33,691:INFO:deployment_28042020.pkl saved in current working directory
2021-05-20 10:38:33,715:INFO:Pipeline(memory=None,
         steps=[('dtypes',
                 DataTypes_Auto_infer(categorical_features=[],
                                      display_types=True, features_todrop=[],
                                      id_columns=[], ml_usecase='regression',
                                      numerical_features=[], target='charges',
                                      time_features=[])),
                ('imputer',
                 Simple_Imputer(categorical_strategy='not_available',
                                fill_value_categorical=None,
                                fill_value_numerical=None,
                                numeric_strategy...
                ('feature_select', 'passthrough'), ('fix_multi', 'passthrough'),
                ('dfs',
                 DFS_Classic(interactions=['multiply'], ml_usecase='regression',
                             n_jobs=-1, random_state=123, subclass='binary',
                             target='charges',
                             top_features_to_pick_percentage=None)),
                ('pca', 'passthrough'),
                ['trained_model',
                 LinearRegression(copy_X=True, fit_intercept=True, n_jobs=-1,
                                  normalize=False)]],
         verbose=False)
2021-05-20 10:38:33,715:INFO:save_model() succesfully completed......................................
2021-05-20 10:38:33,938:INFO:Initializing load_model()
2021-05-20 10:38:33,939:INFO:load_model(model_name=deployment_28042020, platform=None, authentication=None, verbose=True)
2021-05-20 11:20:37,746:INFO:PyCaret Supervised Module
2021-05-20 11:20:37,747:INFO:ML Usecase: regression
2021-05-20 11:20:37,747:INFO:version 2.3.1
2021-05-20 11:20:37,747:INFO:Initializing setup()
2021-05-20 11:20:37,747:INFO:setup(target=charges, ml_usecase=regression, available_plots={'parameter': 'Hyperparameters', 'residuals': 'Residuals', 'error': 'Prediction Error', 'cooks': 'Cooks Distance', 'rfe': 'Feature Selection', 'learning': 'Learning Curve', 'manifold': 'Manifold Learning', 'vc': 'Validation Curve', 'feature': 'Feature Importance', 'feature_all': 'Feature Importance (All)', 'tree': 'Decision Tree', 'residuals_interactive': 'Interactive Residuals'}, train_size=0.7, test_data=None, preprocess=True, imputation_type=simple, iterative_imputation_iters=5, categorical_features=None, categorical_imputation=constant, categorical_iterative_imputer=lightgbm, ordinal_features=None, high_cardinality_features=None, high_cardinality_method=frequency, numeric_features=None, numeric_imputation=mean, numeric_iterative_imputer=lightgbm, date_features=None, ignore_features=None, normalize=False, normalize_method=zscore, transformation=False, transformation_method=yeo-johnson, handle_unknown_categorical=True, unknown_categorical_method=least_frequent, pca=False, pca_method=linear, pca_components=None, ignore_low_variance=False, combine_rare_levels=False, rare_level_threshold=0.1, bin_numeric_features=None, remove_outliers=False, outliers_threshold=0.05, remove_multicollinearity=False, multicollinearity_threshold=0.9, remove_perfect_collinearity=True, create_clusters=False, cluster_iter=20, polynomial_features=False, polynomial_degree=2, trigonometry_features=False, polynomial_threshold=0.1, group_features=None, group_names=None, feature_selection=False, feature_selection_threshold=0.8, feature_selection_method=classic, feature_interaction=False, feature_ratio=False, interaction_threshold=0.01, fix_imbalance=False, fix_imbalance_method=None, transform_target=False, transform_target_method=box-cox, data_split_shuffle=True, data_split_stratify=False, fold_strategy=kfold, fold=10, fold_shuffle=False, fold_groups=None, n_jobs=-1, use_gpu=False, custom_pipeline=None, html=True, session_id=123, log_experiment=False, experiment_name=None, log_plots=False, log_profile=False, log_data=False, silent=False, verbose=True, profile=False, profile_kwargs=None, display=None)
2021-05-20 11:20:37,747:INFO:Checking environment
2021-05-20 11:20:37,747:INFO:python_version: 3.7.10
2021-05-20 11:20:37,748:INFO:python_build: ('default', 'Feb 26 2021 18:47:35')
2021-05-20 11:20:37,748:INFO:machine: x86_64
2021-05-20 11:20:37,748:INFO:platform: Linux-5.4.72-microsoft-standard-WSL2-x86_64-with-debian-bullseye-sid
2021-05-20 11:20:37,749:INFO:Memory: svmem(total=26733387776, available=21553856512, percent=19.4, used=4355104768, free=19795214336, active=5242830848, inactive=1213501440, buffers=469753856, cached=2113314816, shared=435412992, slab=340627456)
2021-05-20 11:20:37,750:INFO:Physical Core: 4
2021-05-20 11:20:37,750:INFO:Logical Core: 8
2021-05-20 11:20:37,750:INFO:Checking libraries
2021-05-20 11:20:37,751:INFO:pd==1.2.4
2021-05-20 11:20:37,751:INFO:numpy==1.18.1
2021-05-20 11:20:37,751:INFO:sklearn==0.23.2
2021-05-20 11:20:37,751:INFO:lightgbm==3.2.1
2021-05-20 11:20:37,751:WARNING:catboost not found
2021-05-20 11:20:37,751:INFO:xgboost==1.4.1
2021-05-20 11:20:37,751:INFO:mlflow==1.16.0
2021-05-20 11:20:37,752:INFO:Checking Exceptions
2021-05-20 11:20:37,752:INFO:Declaring global variables
2021-05-20 11:20:37,752:INFO:USI: cab0
2021-05-20 11:20:37,752:INFO:pycaret_globals: {'html_param', 'y', 'create_model_container', '_all_models', 'pycaret_globals', '_all_models_internal', 'logging_param', 'X_train', 'fold_groups_param', 'seed', 'log_plots_param', '_gpu_n_jobs_param', '_ml_usecase', '_all_metrics', 'imputation_classifier', '_internal_pipeline', 'iterative_imputation_iters_param', 'transform_target_param', 'experiment__', 'fold_shuffle_param', 'display_container', 'n_jobs_param', 'prep_pipe', 'exp_name_log', 'X', 'master_model_container', 'fold_groups_param_full', '_available_plots', 'target_param', 'imputation_regressor', 'y_test', 'fold_generator', 'fix_imbalance_method_param', 'data_before_preprocess', 'X_test', 'gpu_param', 'stratify_param', 'transform_target_method_param', 'fold_param', 'y_train', 'fix_imbalance_param', 'USI'}
2021-05-20 11:20:37,752:INFO:Preparing display monitor
2021-05-20 11:20:37,752:INFO:Preparing display monitor
2021-05-20 11:20:37,778:INFO:Importing libraries
2021-05-20 11:20:37,779:INFO:Copying data for preprocessing
2021-05-20 11:20:37,801:INFO:Declaring preprocessing parameters
2021-05-20 11:20:37,807:INFO:Creating preprocessing pipeline
2021-05-20 11:20:37,818:INFO:Preprocessing pipeline created successfully
2021-05-20 11:20:37,819:ERROR:(Process Exit): setup has been interupted with user command 'quit'. setup must rerun.
2021-05-20 11:20:37,819:INFO:Creating global containers
2021-05-20 11:20:37,820:INFO:Internal pipeline: Pipeline(memory=None, steps=[('empty_step', 'passthrough')], verbose=False)
